Flow report for DE2_TOP
Fri Jun 05 16:46:42 2015
Quartus II 64-Bit Version 13.1.0 Build 162 10/23/2013 SJ Web Edition


---------------------
; Table of Contents ;
---------------------
  1. Legal Notice
  2. Flow Summary
  3. Flow Settings
  4. Flow Non-Default Global Settings
  5. Flow Elapsed Time
  6. Flow OS Summary
  7. Flow Log
  8. Flow Messages
  9. Flow Suppressed Messages



----------------
; Legal Notice ;
----------------
Copyright (C) 1991-2013 Altera Corporation
Your use of Altera Corporation's design tools, logic functions 
and other software and tools, and its AMPP partner logic 
functions, and any output files from any of the foregoing 
(including device programming or simulation files), and any 
associated documentation or information are expressly subject 
to the terms and conditions of the Altera Program License 
Subscription Agreement, Altera MegaCore Function License 
Agreement, or other applicable license agreement, including, 
without limitation, that your use is for the sole purpose of 
programming logic devices manufactured by Altera and sold by 
Altera or its authorized distributors.  Please refer to the 
applicable agreement for further details.



+---------------------------------------------------------------------------------+
; Flow Summary                                                                    ;
+------------------------------------+--------------------------------------------+
; Flow Status                        ; Successful - Fri Jun 05 16:46:02 2015      ;
; Quartus II 64-Bit Version          ; 13.1.0 Build 162 10/23/2013 SJ Web Edition ;
; Revision Name                      ; DE2_TOP                                    ;
; Top-level Entity Name              ; DE2_TOP                                    ;
; Family                             ; Cyclone IV E                               ;
; Device                             ; EP4CE115F29C7                              ;
; Timing Models                      ; Final                                      ;
; Total logic elements               ; 16,128 / 114,480 ( 14 % )                  ;
;     Total combinational functions  ; 16,073 / 114,480 ( 14 % )                  ;
;     Dedicated logic registers      ; 2,796 / 114,480 ( 2 % )                    ;
; Total registers                    ; 2796                                       ;
; Total pins                         ; 188 / 529 ( 36 % )                         ;
; Total virtual pins                 ; 0                                          ;
; Total memory bits                  ; 57,856 / 3,981,312 ( 1 % )                 ;
; Embedded Multiplier 9-bit elements ; 0 / 532 ( 0 % )                            ;
; Total PLLs                         ; 1 / 4 ( 25 % )                             ;
+------------------------------------+--------------------------------------------+


+-----------------------------------------+
; Flow Settings                           ;
+-------------------+---------------------+
; Option            ; Setting             ;
+-------------------+---------------------+
; Start date & time ; 06/05/2015 16:31:26 ;
; Main task         ; Compilation         ;
; Revision Name     ; DE2_TOP             ;
+-------------------+---------------------+


+------------------------------------------------------------------------------------------------------------------+
; Flow Non-Default Global Settings                                                                                 ;
+-------------------------------------+---------------------------------+---------------+-------------+------------+
; Assignment Name                     ; Value                           ; Default Value ; Entity Name ; Section Id ;
+-------------------------------------+---------------------------------+---------------+-------------+------------+
; COMPILER_SIGNATURE_ID               ; 198474710448071.143351468514288 ; --            ; --          ; --         ;
; MAX_CORE_JUNCTION_TEMP              ; 85                              ; --            ; --          ; --         ;
; MIN_CORE_JUNCTION_TEMP              ; 0                               ; --            ; --          ; --         ;
; PARTITION_COLOR                     ; 2147039                         ; --            ; --          ; Top        ;
; PARTITION_FITTER_PRESERVATION_LEVEL ; PLACEMENT_AND_ROUTING           ; --            ; --          ; Top        ;
; PARTITION_NETLIST_TYPE              ; SOURCE                          ; --            ; --          ; Top        ;
; USE_GENERATED_PHYSICAL_CONSTRAINTS  ; Off                             ; --            ; --          ; eda_palace ;
+-------------------------------------+---------------------------------+---------------+-------------+------------+


+-------------------------------------------------------------------------------------------------------------------------------+
; Flow Elapsed Time                                                                                                             ;
+---------------------------+--------------+-------------------------+---------------------+------------------------------------+
; Module Name               ; Elapsed Time ; Average Processors Used ; Peak Virtual Memory ; Total CPU Time (on all processors) ;
+---------------------------+--------------+-------------------------+---------------------+------------------------------------+
; Analysis & Synthesis      ; 00:07:33     ; 1.0                     ; 619 MB              ; 00:07:20                           ;
; Fitter                    ; 00:06:23     ; 1.0                     ; 1232 MB             ; 00:06:12                           ;
; Assembler                 ; 00:00:19     ; 1.0                     ; 493 MB              ; 00:00:19                           ;
; TimeQuest Timing Analyzer ; 00:00:36     ; 1.0                     ; 746 MB              ; 00:00:35                           ;
; Total                     ; 00:14:51     ; --                      ; --                  ; 00:14:26                           ;
+---------------------------+--------------+-------------------------+---------------------+------------------------------------+


+----------------------------------------------------------------------------------------+
; Flow OS Summary                                                                        ;
+---------------------------+------------------+-----------+------------+----------------+
; Module Name               ; Machine Hostname ; OS Name   ; OS Version ; Processor type ;
+---------------------------+------------------+-----------+------------+----------------+
; Analysis & Synthesis      ; User-TOSH        ; Windows 7 ; 6.1        ; x86_64         ;
; Fitter                    ; User-TOSH        ; Windows 7 ; 6.1        ; x86_64         ;
; Assembler                 ; User-TOSH        ; Windows 7 ; 6.1        ; x86_64         ;
; TimeQuest Timing Analyzer ; User-TOSH        ; Windows 7 ; 6.1        ; x86_64         ;
+---------------------------+------------------+-----------+------------+----------------+


------------
; Flow Log ;
------------
quartus_map --read_settings_files=on --write_settings_files=off apple2fpga -c DE2_TOP
quartus_fit --read_settings_files=off --write_settings_files=off apple2fpga -c DE2_TOP
quartus_asm --read_settings_files=off --write_settings_files=off apple2fpga -c DE2_TOP
quartus_sta apple2fpga -c DE2_TOP



